This file contains any messages produced by compilers while
running configure, to aid debugging if configure makes a mistake.

It was created by wsnet-2.0 configure 0.7cvs, which was
generated by GNU Autoconf 2.65.  Invocation command line was

  $ ./configure 

## --------- ##
## Platform. ##
## --------- ##

hostname = pr033083
uname -m = i686
uname -r = 2.6.32-34-generic
uname -s = Linux
uname -v = #77-Ubuntu SMP Tue Sep 13 19:40:53 UTC 2011

/usr/bin/uname -p = unknown
/bin/uname -X     = unknown

/bin/arch              = unknown
/usr/bin/arch -k       = unknown
/usr/convex/getsysinfo = unknown
/usr/bin/hostinfo      = unknown
/bin/machine           = unknown
/usr/bin/oslevel       = unknown
/bin/universe          = unknown

PATH: /usr/local/sbin
PATH: /usr/local/bin
PATH: /usr/sbin
PATH: /usr/bin
PATH: /sbin
PATH: /bin
PATH: /usr/games
PATH: .
PATH: /usr/MuPAD/share/bin
PATH: /private/staff/n/en/buguen/.gnome2/nautilus-scripts
PATH: /opt/netscape/
PATH: /usr/lib/scilab-2.6/bin/
PATH: /private/staff/n/en/buguen/Perso/bq/
PATH: /private/staff/n/en/buguen/html/GChtml2latex/
PATH: /private/staff/n/en/buguen/.latex/script/
PATH: /usr/local/Geomview/bin/
PATH: ../bin
PATH: /private/staff/n/en/buguen/script
PATH: .vim/vimoutliner/scripts
PATH: /private/staff/n/en/buguen/script/pdfbib
PATH: /private/staff/n/en/buguen/script/slides
PATH: /private/staff/n/en/buguen/script/remind
PATH: /private/staff/n/en/buguen/script/network
PATH: /private/staff/n/en/buguen/script/mail
PATH: /private/staff/n/en/buguen/script/config
PATH: /private/staff/n/en/buguen/script/vim
PATH: /private/staff/n/en/buguen/script/where2
PATH: /private/staff/n/en/buguen/script/mat2py
PATH: /private/staff/n/en/buguen/script/path
PATH: /private/staff/n/en/buguen/script/otl
PATH: /private/staff/n/en/buguen/script/markdown
PATH: /private/staff/n/en/buguen/scilab/script/
PATH: /usr/local/RealPlayer8/
PATH: /opt/Office51/bin/
PATH: /usr/local/spice/bin/
PATH: /private/staff/n/en/buguen/PulsRay/script
PATH: /private/staff/n/en/buguen/script/voix
PATH: /private/staff/n/en/buguen/script/meta/
PATH: /usr/local/share/xerces-c1_6_0-linux/bin
PATH: /private/staff/n/en/buguen/vnc-3.3.6-x86_linux
PATH: /usr/local/spice/bin
PATH: /private/staff/n/en/buguen/ecalanda/circuits/spicecad/bin
PATH: /usr/local/share/openev/bin
PATH: /usr/local/bin/blender-2.43/
PATH: /opt/matlab74/bin/
PATH: /private/staff/n/en/buguen/svn2/devel/simulator/pyray/pulsray/bin
PATH: /private/staff/n/en/buguen/svn2/devel/simulator/pyray/pulsray/script
PATH: /private/staff/n/en/buguen/script/synchro
PATH: /usr/local/src/tv//bin
PATH: /private/staff/n/en/buguen/svn2/devel/simulator/pyray/pulsray/src/
PATH: /opt/QtopiaDesktop/bin
PATH: /usr/local/src/shapelib-1.2.10/
PATH: /usr/libexec/sdcc
PATH: /private/staff/n/en/buguen/svn/Bib/script/
PATH: /usr/local/src/sage-3.1.4
PATH: /usr/local/src/sage-3.1.4/local/bin
PATH: /private/staff/n/en/buguen/script/godir
PATH: /usr/local/src/ns-allinone-2.33/bin
PATH: /usr/local/src/ns-allinone-2.33/tcl8.4.18/unix
PATH: /usr/local/src/ns-allinone-2.33/tk8.4.18/unix/
PATH: /usr/local/cuda/bin
PATH: /usr/local/src/eclipse
PATH: /private/staff/n/en/buguen/aplac/bin
PATH: /private/staff/n/en/buguen/.cabal/bin


## ----------- ##
## Core tests. ##
## ----------- ##

configure:2302: checking build system type
configure:2316: result: i686-pc-linux-gnu
configure:2336: checking host system type
configure:2349: result: i686-pc-linux-gnu
configure:2369: checking target system type
configure:2382: result: i686-pc-linux-gnu
configure:2424: checking for a BSD-compatible install
configure:2492: result: /usr/bin/install -c
configure:2503: checking whether build environment is sane
configure:2553: result: yes
configure:2694: checking for a thread-safe mkdir -p
configure:2733: result: /bin/mkdir -p
configure:2746: checking for gawk
configure:2762: found /usr/bin/gawk
configure:2773: result: gawk
configure:2784: checking whether make sets $(MAKE)
configure:2806: result: yes
configure:2907: checking for pkg-config
configure:2926: found /usr/bin/pkg-config
configure:2938: result: /usr/bin/pkg-config
configure:3118: checking for style of include used by make
configure:3146: result: GNU
configure:3216: checking for gcc
configure:3232: found /usr/bin/gcc
configure:3243: result: gcc
configure:3472: checking for C compiler version
configure:3481: gcc --version >&5
gcc (Ubuntu 4.4.3-4ubuntu5) 4.4.3
Copyright (C) 2009 Free Software Foundation, Inc.
This is free software; see the source for copying conditions.  There is NO
warranty; not even for MERCHANTABILITY or FITNESS FOR A PARTICULAR PURPOSE.

configure:3492: $? = 0
configure:3481: gcc -v >&5
Using built-in specs.
Target: i486-linux-gnu
Configured with: ../src/configure -v --with-pkgversion='Ubuntu 4.4.3-4ubuntu5' --with-bugurl=file:///usr/share/doc/gcc-4.4/README.Bugs --enable-languages=c,c++,fortran,objc,obj-c++ --prefix=/usr --enable-shared --enable-multiarch --enable-linker-build-id --with-system-zlib --libexecdir=/usr/lib --without-included-gettext --enable-threads=posix --with-gxx-include-dir=/usr/include/c++/4.4 --program-suffix=-4.4 --enable-nls --enable-clocale=gnu --enable-libstdcxx-debug --enable-plugin --enable-objc-gc --enable-targets=all --disable-werror --with-arch-32=i486 --with-tune=generic --enable-checking=release --build=i486-linux-gnu --host=i486-linux-gnu --target=i486-linux-gnu
Thread model: posix
gcc version 4.4.3 (Ubuntu 4.4.3-4ubuntu5) 
configure:3492: $? = 0
configure:3481: gcc -V >&5
gcc: '-V' option must have argument
configure:3492: $? = 1
configure:3481: gcc -qversion >&5
gcc: unrecognized option '-qversion'
gcc: no input files
configure:3492: $? = 1
configure:3512: checking whether the C compiler works
configure:3534: gcc -O2 -fno-strict-aliasing -Wall -Wextra -Wno-unused-parameter -Werror -DLIBDIR='"${exec_prefix}/lib"' -DDATADIR='"${datarootdir}"'    conftest.c  >&5
configure:3538: $? = 0
configure:3587: result: yes
configure:3590: checking for C compiler default output file name
configure:3592: result: a.out
configure:3598: checking for suffix of executables
configure:3605: gcc -o conftest -O2 -fno-strict-aliasing -Wall -Wextra -Wno-unused-parameter -Werror -DLIBDIR='"${exec_prefix}/lib"' -DDATADIR='"${datarootdir}"'    conftest.c  >&5
configure:3609: $? = 0
configure:3631: result: 
configure:3653: checking whether we are cross compiling
configure:3661: gcc -o conftest -O2 -fno-strict-aliasing -Wall -Wextra -Wno-unused-parameter -Werror -DLIBDIR='"${exec_prefix}/lib"' -DDATADIR='"${datarootdir}"'    conftest.c  >&5
configure:3665: $? = 0
configure:3672: ./conftest
configure:3676: $? = 0
configure:3691: result: no
configure:3696: checking for suffix of object files
configure:3718: gcc -c -O2 -fno-strict-aliasing -Wall -Wextra -Wno-unused-parameter -Werror -DLIBDIR='"${exec_prefix}/lib"' -DDATADIR='"${datarootdir}"'   conftest.c >&5
configure:3722: $? = 0
configure:3743: result: o
configure:3747: checking whether we are using the GNU C compiler
configure:3766: gcc -c -O2 -fno-strict-aliasing -Wall -Wextra -Wno-unused-parameter -Werror -DLIBDIR='"${exec_prefix}/lib"' -DDATADIR='"${datarootdir}"'   conftest.c >&5
configure:3766: $? = 0
configure:3775: result: yes
configure:3784: checking whether gcc accepts -g
configure:3804: gcc -c -g  conftest.c >&5
configure:3804: $? = 0
configure:3845: result: yes
configure:3862: checking for gcc option to accept ISO C89
configure:3926: gcc  -c -O2 -fno-strict-aliasing -Wall -Wextra -Wno-unused-parameter -Werror -DLIBDIR='"${exec_prefix}/lib"' -DDATADIR='"${datarootdir}"'   conftest.c >&5
configure:3926: $? = 0
configure:3939: result: none needed
configure:3961: checking dependency style of gcc
configure:4071: result: gcc3
configure:4086: checking for a sed that does not truncate output
configure:4150: result: /bin/sed
configure:4168: checking for grep that handles long lines and -e
configure:4226: result: /bin/grep
configure:4231: checking for egrep
configure:4293: result: /bin/grep -E
configure:4298: checking for fgrep
configure:4360: result: /bin/grep -F
configure:4395: checking for ld used by gcc
configure:4462: result: /usr/bin/ld
configure:4469: checking if the linker (/usr/bin/ld) is GNU ld
configure:4484: result: yes
configure:4496: checking for BSD- or MS-compatible name lister (nm)
configure:4545: result: /usr/bin/nm -B
configure:4663: checking the name lister (/usr/bin/nm -B) interface
configure:4670: gcc -c -O2 -fno-strict-aliasing -Wall -Wextra -Wno-unused-parameter -Werror -DLIBDIR='"${exec_prefix}/lib"' -DDATADIR='"${datarootdir}"'   conftest.c >&5
configure:4673: /usr/bin/nm -B "conftest.o"
configure:4676: output
00000000 B some_variable
configure:4683: result: BSD nm
configure:4686: checking whether ln -s works
configure:4690: result: yes
configure:4698: checking the maximum length of command line arguments
configure:4818: result: 1572864
configure:4835: checking whether the shell understands some XSI constructs
configure:4845: result: yes
configure:4849: checking whether the shell understands "+="
configure:4855: result: yes
configure:4890: checking for /usr/bin/ld option to reload object files
configure:4897: result: -r
configure:4966: checking for objdump
configure:4982: found /usr/bin/objdump
configure:4993: result: objdump
configure:5025: checking how to recognize dependent libraries
configure:5221: result: pass_all
configure:5281: checking for ar
configure:5297: found /usr/bin/ar
configure:5308: result: ar
configure:5386: checking for strip
configure:5402: found /usr/bin/strip
configure:5413: result: strip
configure:5485: checking for ranlib
configure:5501: found /usr/bin/ranlib
configure:5512: result: ranlib
configure:5602: checking command to parse /usr/bin/nm -B output from gcc object
configure:5720: gcc -c -O2 -fno-strict-aliasing -Wall -Wextra -Wno-unused-parameter -Werror -DLIBDIR='"${exec_prefix}/lib"' -DDATADIR='"${datarootdir}"'   conftest.c >&5
configure:5723: $? = 0
configure:5727: /usr/bin/nm -B conftest.o \| sed -n -e 's/^.*[	 ]\([ABCDGIRSTW][ABCDGIRSTW]*\)[	 ][	 ]*\([_A-Za-z][_A-Za-z0-9]*\)$/\1 \2 \2/p' \> conftest.nm
configure:5730: $? = 0
configure:5784: gcc -o conftest -O2 -fno-strict-aliasing -Wall -Wextra -Wno-unused-parameter -Werror -DLIBDIR='"${exec_prefix}/lib"' -DDATADIR='"${datarootdir}"'    conftest.c conftstm.o >&5
configure:5787: $? = 0
configure:5825: result: ok
configure:6634: checking how to run the C preprocessor
configure:6665: gcc -E  conftest.c
configure:6665: $? = 0
configure:6679: gcc -E  conftest.c
conftest.c:11:28: error: ac_nonexistent.h: No such file or directory
configure:6679: $? = 1
configure: failed program was:
| /* confdefs.h */
| #define PACKAGE_NAME "wsnet-2.0"
| #define PACKAGE_TARNAME "wsnet-2-0"
| #define PACKAGE_VERSION "0.7cvs"
| #define PACKAGE_STRING "wsnet-2.0 0.7cvs"
| #define PACKAGE_BUGREPORT ""
| #define PACKAGE_URL ""
| #define PACKAGE "wsnet-2-0"
| #define VERSION "0.7cvs"
| /* end confdefs.h.  */
| #include <ac_nonexistent.h>
configure:6704: result: gcc -E
configure:6724: gcc -E  conftest.c
configure:6724: $? = 0
configure:6738: gcc -E  conftest.c
conftest.c:11:28: error: ac_nonexistent.h: No such file or directory
configure:6738: $? = 1
configure: failed program was:
| /* confdefs.h */
| #define PACKAGE_NAME "wsnet-2.0"
| #define PACKAGE_TARNAME "wsnet-2-0"
| #define PACKAGE_VERSION "0.7cvs"
| #define PACKAGE_STRING "wsnet-2.0 0.7cvs"
| #define PACKAGE_BUGREPORT ""
| #define PACKAGE_URL ""
| #define PACKAGE "wsnet-2-0"
| #define VERSION "0.7cvs"
| /* end confdefs.h.  */
| #include <ac_nonexistent.h>
configure:6767: checking for ANSI C header files
configure:6787: gcc -c -O2 -fno-strict-aliasing -Wall -Wextra -Wno-unused-parameter -Werror -DLIBDIR='"${exec_prefix}/lib"' -DDATADIR='"${datarootdir}"'   conftest.c >&5
configure:6787: $? = 0
configure:6860: gcc -o conftest -O2 -fno-strict-aliasing -Wall -Wextra -Wno-unused-parameter -Werror -DLIBDIR='"${exec_prefix}/lib"' -DDATADIR='"${datarootdir}"'    conftest.c  >&5
configure:6860: $? = 0
configure:6860: ./conftest
configure:6860: $? = 0
configure:6871: result: yes
configure:6884: checking for sys/types.h
configure:6884: gcc -c -O2 -fno-strict-aliasing -Wall -Wextra -Wno-unused-parameter -Werror -DLIBDIR='"${exec_prefix}/lib"' -DDATADIR='"${datarootdir}"'   conftest.c >&5
configure:6884: $? = 0
configure:6884: result: yes
configure:6884: checking for sys/stat.h
configure:6884: gcc -c -O2 -fno-strict-aliasing -Wall -Wextra -Wno-unused-parameter -Werror -DLIBDIR='"${exec_prefix}/lib"' -DDATADIR='"${datarootdir}"'   conftest.c >&5
configure:6884: $? = 0
configure:6884: result: yes
configure:6884: checking for stdlib.h
configure:6884: gcc -c -O2 -fno-strict-aliasing -Wall -Wextra -Wno-unused-parameter -Werror -DLIBDIR='"${exec_prefix}/lib"' -DDATADIR='"${datarootdir}"'   conftest.c >&5
configure:6884: $? = 0
configure:6884: result: yes
configure:6884: checking for string.h
configure:6884: gcc -c -O2 -fno-strict-aliasing -Wall -Wextra -Wno-unused-parameter -Werror -DLIBDIR='"${exec_prefix}/lib"' -DDATADIR='"${datarootdir}"'   conftest.c >&5
configure:6884: $? = 0
configure:6884: result: yes
configure:6884: checking for memory.h
configure:6884: gcc -c -O2 -fno-strict-aliasing -Wall -Wextra -Wno-unused-parameter -Werror -DLIBDIR='"${exec_prefix}/lib"' -DDATADIR='"${datarootdir}"'   conftest.c >&5
configure:6884: $? = 0
configure:6884: result: yes
configure:6884: checking for strings.h
configure:6884: gcc -c -O2 -fno-strict-aliasing -Wall -Wextra -Wno-unused-parameter -Werror -DLIBDIR='"${exec_prefix}/lib"' -DDATADIR='"${datarootdir}"'   conftest.c >&5
configure:6884: $? = 0
configure:6884: result: yes
configure:6884: checking for inttypes.h
configure:6884: gcc -c -O2 -fno-strict-aliasing -Wall -Wextra -Wno-unused-parameter -Werror -DLIBDIR='"${exec_prefix}/lib"' -DDATADIR='"${datarootdir}"'   conftest.c >&5
configure:6884: $? = 0
configure:6884: result: yes
configure:6884: checking for stdint.h
configure:6884: gcc -c -O2 -fno-strict-aliasing -Wall -Wextra -Wno-unused-parameter -Werror -DLIBDIR='"${exec_prefix}/lib"' -DDATADIR='"${datarootdir}"'   conftest.c >&5
configure:6884: $? = 0
configure:6884: result: yes
configure:6884: checking for unistd.h
configure:6884: gcc -c -O2 -fno-strict-aliasing -Wall -Wextra -Wno-unused-parameter -Werror -DLIBDIR='"${exec_prefix}/lib"' -DDATADIR='"${datarootdir}"'   conftest.c >&5
configure:6884: $? = 0
configure:6884: result: yes
configure:6899: checking for dlfcn.h
configure:6899: gcc -c -O2 -fno-strict-aliasing -Wall -Wextra -Wno-unused-parameter -Werror -DLIBDIR='"${exec_prefix}/lib"' -DDATADIR='"${datarootdir}"'   conftest.c >&5
configure:6899: $? = 0
configure:6899: result: yes
configure:7081: checking for objdir
configure:7096: result: .libs
configure:7388: checking if gcc supports -fno-rtti -fno-exceptions
configure:7406: gcc -c -O2 -fno-strict-aliasing -Wall -Wextra -Wno-unused-parameter -Werror -DLIBDIR='"${exec_prefix}/lib"' -DDATADIR='"${datarootdir}"'   -fno-rtti -fno-exceptions conftest.c >&5
cc1: warnings being treated as errors
cc1: error: command line option "-fno-rtti" is valid for C++/ObjC++ but not for C
configure:7410: $? = 1
configure:7423: result: no
configure:7443: checking for gcc option to produce PIC
configure:7715: result: -fPIC -DPIC
configure:7727: checking if gcc PIC flag -fPIC -DPIC works
configure:7745: gcc -c -O2 -fno-strict-aliasing -Wall -Wextra -Wno-unused-parameter -Werror -DLIBDIR='"${exec_prefix}/lib"' -DDATADIR='"${datarootdir}"'   -fPIC -DPIC -DPIC conftest.c >&5
configure:7749: $? = 0
configure:7762: result: yes
configure:7786: checking if gcc static flag -static works
configure:7814: result: yes
configure:7829: checking if gcc supports -c -o file.o
configure:7850: gcc -c -O2 -fno-strict-aliasing -Wall -Wextra -Wno-unused-parameter -Werror -DLIBDIR='"${exec_prefix}/lib"' -DDATADIR='"${datarootdir}"'   -o out/conftest2.o conftest.c >&5
configure:7854: $? = 0
configure:7876: result: yes
configure:7884: checking if gcc supports -c -o file.o
configure:7931: result: yes
configure:7964: checking whether the gcc linker (/usr/bin/ld) supports shared libraries
configure:8955: result: yes
configure:8992: checking whether -lc should be explicitly linked in
configure:8997: gcc -c -O2 -fno-strict-aliasing -Wall -Wextra -Wno-unused-parameter -Werror -DLIBDIR='"${exec_prefix}/lib"' -DDATADIR='"${datarootdir}"'   conftest.c >&5
configure:9000: $? = 0
configure:9015: gcc -shared conftest.o  -v -Wl,-soname -Wl,conftest -o conftest 2\>\&1 \| /bin/grep  -lc  \>/dev/null 2\>\&1
configure:9018: $? = 0
configure:9030: result: no
configure:9194: checking dynamic linker characteristics
configure:9627: gcc -o conftest -O2 -fno-strict-aliasing -Wall -Wextra -Wno-unused-parameter -Werror -DLIBDIR='"${exec_prefix}/lib"' -DDATADIR='"${datarootdir}"'    -Wl,-rpath -Wl,/foo conftest.c  >&5
configure:9627: $? = 0
configure:9857: result: GNU/Linux ld.so
configure:9959: checking how to hardcode library paths into programs
configure:9984: result: immediate
configure:10078: checking for shl_load
configure:10078: gcc -o conftest -O2 -fno-strict-aliasing -Wall -Wextra -Wno-unused-parameter -Werror -DLIBDIR='"${exec_prefix}/lib"' -DDATADIR='"${datarootdir}"'    conftest.c  >&5
/tmp/ccTNBSRQ.o: In function `main':
conftest.c:(.text+0x7): undefined reference to `shl_load'
collect2: ld returned 1 exit status
configure:10078: $? = 1
configure: failed program was:
| /* confdefs.h */
| #define PACKAGE_NAME "wsnet-2.0"
| #define PACKAGE_TARNAME "wsnet-2-0"
| #define PACKAGE_VERSION "0.7cvs"
| #define PACKAGE_STRING "wsnet-2.0 0.7cvs"
| #define PACKAGE_BUGREPORT ""
| #define PACKAGE_URL ""
| #define PACKAGE "wsnet-2-0"
| #define VERSION "0.7cvs"
| #define STDC_HEADERS 1
| #define HAVE_SYS_TYPES_H 1
| #define HAVE_SYS_STAT_H 1
| #define HAVE_STDLIB_H 1
| #define HAVE_STRING_H 1
| #define HAVE_MEMORY_H 1
| #define HAVE_STRINGS_H 1
| #define HAVE_INTTYPES_H 1
| #define HAVE_STDINT_H 1
| #define HAVE_UNISTD_H 1
| #define HAVE_DLFCN_H 1
| #define LT_OBJDIR ".libs/"
| /* end confdefs.h.  */
| /* Define shl_load to an innocuous variant, in case <limits.h> declares shl_load.
|    For example, HP-UX 11i <limits.h> declares gettimeofday.  */
| #define shl_load innocuous_shl_load
| 
| /* System header to define __stub macros and hopefully few prototypes,
|     which can conflict with char shl_load (); below.
|     Prefer <limits.h> to <assert.h> if __STDC__ is defined, since
|     <limits.h> exists even on freestanding compilers.  */
| 
| #ifdef __STDC__
| # include <limits.h>
| #else
| # include <assert.h>
| #endif
| 
| #undef shl_load
| 
| /* Override any GCC internal prototype to avoid an error.
|    Use char because int might match the return type of a GCC
|    builtin and then its argument prototype would still apply.  */
| #ifdef __cplusplus
| extern "C"
| #endif
| char shl_load ();
| /* The GNU C library defines this for functions which it implements
|     to always fail with ENOSYS.  Some functions are actually named
|     something starting with __ and the normal name is an alias.  */
| #if defined __stub_shl_load || defined __stub___shl_load
| choke me
| #endif
| 
| int
| main ()
| {
| return shl_load ();
|   ;
|   return 0;
| }
configure:10078: result: no
configure:10082: checking for shl_load in -ldld
configure:10107: gcc -o conftest -O2 -fno-strict-aliasing -Wall -Wextra -Wno-unused-parameter -Werror -DLIBDIR='"${exec_prefix}/lib"' -DDATADIR='"${datarootdir}"'    conftest.c -ldld   >&5
/usr/bin/ld: cannot find -ldld
collect2: ld returned 1 exit status
configure:10107: $? = 1
configure: failed program was:
| /* confdefs.h */
| #define PACKAGE_NAME "wsnet-2.0"
| #define PACKAGE_TARNAME "wsnet-2-0"
| #define PACKAGE_VERSION "0.7cvs"
| #define PACKAGE_STRING "wsnet-2.0 0.7cvs"
| #define PACKAGE_BUGREPORT ""
| #define PACKAGE_URL ""
| #define PACKAGE "wsnet-2-0"
| #define VERSION "0.7cvs"
| #define STDC_HEADERS 1
| #define HAVE_SYS_TYPES_H 1
| #define HAVE_SYS_STAT_H 1
| #define HAVE_STDLIB_H 1
| #define HAVE_STRING_H 1
| #define HAVE_MEMORY_H 1
| #define HAVE_STRINGS_H 1
| #define HAVE_INTTYPES_H 1
| #define HAVE_STDINT_H 1
| #define HAVE_UNISTD_H 1
| #define HAVE_DLFCN_H 1
| #define LT_OBJDIR ".libs/"
| /* end confdefs.h.  */
| 
| /* Override any GCC internal prototype to avoid an error.
|    Use char because int might match the return type of a GCC
|    builtin and then its argument prototype would still apply.  */
| #ifdef __cplusplus
| extern "C"
| #endif
| char shl_load ();
| int
| main ()
| {
| return shl_load ();
|   ;
|   return 0;
| }
configure:10116: result: no
configure:10121: checking for dlopen
configure:10121: gcc -o conftest -O2 -fno-strict-aliasing -Wall -Wextra -Wno-unused-parameter -Werror -DLIBDIR='"${exec_prefix}/lib"' -DDATADIR='"${datarootdir}"'    conftest.c  >&5
/tmp/ccPhOJ8X.o: In function `main':
conftest.c:(.text+0x7): undefined reference to `dlopen'
collect2: ld returned 1 exit status
configure:10121: $? = 1
configure: failed program was:
| /* confdefs.h */
| #define PACKAGE_NAME "wsnet-2.0"
| #define PACKAGE_TARNAME "wsnet-2-0"
| #define PACKAGE_VERSION "0.7cvs"
| #define PACKAGE_STRING "wsnet-2.0 0.7cvs"
| #define PACKAGE_BUGREPORT ""
| #define PACKAGE_URL ""
| #define PACKAGE "wsnet-2-0"
| #define VERSION "0.7cvs"
| #define STDC_HEADERS 1
| #define HAVE_SYS_TYPES_H 1
| #define HAVE_SYS_STAT_H 1
| #define HAVE_STDLIB_H 1
| #define HAVE_STRING_H 1
| #define HAVE_MEMORY_H 1
| #define HAVE_STRINGS_H 1
| #define HAVE_INTTYPES_H 1
| #define HAVE_STDINT_H 1
| #define HAVE_UNISTD_H 1
| #define HAVE_DLFCN_H 1
| #define LT_OBJDIR ".libs/"
| /* end confdefs.h.  */
| /* Define dlopen to an innocuous variant, in case <limits.h> declares dlopen.
|    For example, HP-UX 11i <limits.h> declares gettimeofday.  */
| #define dlopen innocuous_dlopen
| 
| /* System header to define __stub macros and hopefully few prototypes,
|     which can conflict with char dlopen (); below.
|     Prefer <limits.h> to <assert.h> if __STDC__ is defined, since
|     <limits.h> exists even on freestanding compilers.  */
| 
| #ifdef __STDC__
| # include <limits.h>
| #else
| # include <assert.h>
| #endif
| 
| #undef dlopen
| 
| /* Override any GCC internal prototype to avoid an error.
|    Use char because int might match the return type of a GCC
|    builtin and then its argument prototype would still apply.  */
| #ifdef __cplusplus
| extern "C"
| #endif
| char dlopen ();
| /* The GNU C library defines this for functions which it implements
|     to always fail with ENOSYS.  Some functions are actually named
|     something starting with __ and the normal name is an alias.  */
| #if defined __stub_dlopen || defined __stub___dlopen
| choke me
| #endif
| 
| int
| main ()
| {
| return dlopen ();
|   ;
|   return 0;
| }
configure:10121: result: no
configure:10125: checking for dlopen in -ldl
configure:10150: gcc -o conftest -O2 -fno-strict-aliasing -Wall -Wextra -Wno-unused-parameter -Werror -DLIBDIR='"${exec_prefix}/lib"' -DDATADIR='"${datarootdir}"'    conftest.c -ldl   >&5
configure:10150: $? = 0
configure:10159: result: yes
configure:10278: checking whether a program can dlopen itself
configure:10348: gcc -o conftest -O2 -fno-strict-aliasing -Wall -Wextra -Wno-unused-parameter -Werror -DLIBDIR='"${exec_prefix}/lib"' -DDATADIR='"${datarootdir}"'   -DHAVE_DLFCN_H  -Wl,--export-dynamic conftest.c -ldl  >&5
cc1: warnings being treated as errors
configure: In function 'fnord':
configure:10329: error: unused variable 'i'
configure:10351: $? = 1
configure:10369: result: no
configure:10504: checking whether stripping libraries is possible
configure:10509: result: yes
configure:10544: checking if libtool supports shared libraries
configure:10546: result: yes
configure:10549: checking whether to build shared libraries
configure:10570: result: yes
configure:10573: checking whether to build static libraries
configure:10577: result: yes
configure:10660: checking for gcc
configure:10687: result: gcc
configure:10916: checking for C compiler version
configure:10925: gcc --version >&5
gcc (Ubuntu 4.4.3-4ubuntu5) 4.4.3
Copyright (C) 2009 Free Software Foundation, Inc.
This is free software; see the source for copying conditions.  There is NO
warranty; not even for MERCHANTABILITY or FITNESS FOR A PARTICULAR PURPOSE.

configure:10936: $? = 0
configure:10925: gcc -v >&5
Using built-in specs.
Target: i486-linux-gnu
Configured with: ../src/configure -v --with-pkgversion='Ubuntu 4.4.3-4ubuntu5' --with-bugurl=file:///usr/share/doc/gcc-4.4/README.Bugs --enable-languages=c,c++,fortran,objc,obj-c++ --prefix=/usr --enable-shared --enable-multiarch --enable-linker-build-id --with-system-zlib --libexecdir=/usr/lib --without-included-gettext --enable-threads=posix --with-gxx-include-dir=/usr/include/c++/4.4 --program-suffix=-4.4 --enable-nls --enable-clocale=gnu --enable-libstdcxx-debug --enable-plugin --enable-objc-gc --enable-targets=all --disable-werror --with-arch-32=i486 --with-tune=generic --enable-checking=release --build=i486-linux-gnu --host=i486-linux-gnu --target=i486-linux-gnu
Thread model: posix
gcc version 4.4.3 (Ubuntu 4.4.3-4ubuntu5) 
configure:10936: $? = 0
configure:10925: gcc -V >&5
gcc: '-V' option must have argument
configure:10936: $? = 1
configure:10925: gcc -qversion >&5
gcc: unrecognized option '-qversion'
gcc: no input files
configure:10936: $? = 1
configure:10940: checking whether we are using the GNU C compiler
configure:10968: result: yes
configure:10977: checking whether gcc accepts -g
configure:11038: result: yes
configure:11055: checking for gcc option to accept ISO C89
configure:11132: result: none needed
configure:11154: checking dependency style of gcc
configure:11264: result: gcc3
configure:11280: checking whether gcc and cc understand -c and -o together
configure:11311: gcc -c conftest.c -o conftest2.o >&5
configure:11315: $? = 0
configure:11321: gcc -c conftest.c -o conftest2.o >&5
configure:11325: $? = 0
configure:11336: cc -c conftest.c >&5
configure:11340: $? = 0
configure:11348: cc -c conftest.c -o conftest2.o >&5
configure:11352: $? = 0
configure:11358: cc -c conftest.c -o conftest2.o >&5
configure:11362: $? = 0
configure:11380: result: yes
configure:11455: checking for gcj
configure:11485: result: no
configure:11514: checking dependency style of gcj
configure:11622: result: none
configure:11746: checking dependency style of gcj
configure:11854: result: none
configure:11947: checking if gcj supports -fno-rtti -fno-exceptions
configure:11982: result: no
configure:11999: checking for gcj option to produce PIC
configure:12271: result: -fPIC
configure:12280: checking if gcj PIC flag -fPIC works
configure:12298: gcj -c -O2 -fno-strict-aliasing -Wall -Wextra -Wno-unused-parameter -Werror -DLIBDIR='"${exec_prefix}/lib"' -DDATADIR='"${datarootdir}"'   -fPIC conftest.java >&5
./configure: line 12299: gcj: command not found
configure:12302: $? = 127
configure:12315: result: no
configure:12336: checking if gcj static flag -static works
configure:12364: result: no
configure:12376: checking if gcj supports -c -o file.o
configure:12397: gcj -c -O2 -fno-strict-aliasing -Wall -Wextra -Wno-unused-parameter -Werror -DLIBDIR='"${exec_prefix}/lib"' -DDATADIR='"${datarootdir}"'   -o out/conftest2.o conftest.java >&5
./configure: line 12398: gcj: command not found
configure:12401: $? = 127
configure:12423: result: no
configure:12428: checking if gcj supports -c -o file.o
configure:12475: result: no
configure:12505: checking whether the gcj linker (/usr/bin/ld) supports shared libraries
configure:13496: result: yes
configure:13633: checking how to hardcode library paths into programs
configure:13658: result: immediate
configure:13822: creating ./config.status

## ---------------------- ##
## Running config.status. ##
## ---------------------- ##

This file was extended by wsnet-2.0 config.status 0.7cvs, which was
generated by GNU Autoconf 2.65.  Invocation command line was

  CONFIG_FILES    = 
  CONFIG_HEADERS  = 
  CONFIG_LINKS    = 
  CONFIG_COMMANDS = 
  $ ./config.status 

on pr033083

config.status:1184: creating include/Makefile
config.status:1184: creating libraries/mem_fs/malloc/Makefile
config.status:1184: creating libraries/mem_fs/prealloc/Makefile
config.status:1184: creating libraries/mem_fs/Makefile
config.status:1184: creating libraries/das/list/Makefile
config.status:1184: creating libraries/das/Makefile
config.status:1184: creating libraries/sodas/list/Makefile
config.status:1184: creating libraries/sodas/heap/Makefile
config.status:1184: creating libraries/sodas/Makefile
config.status:1184: creating libraries/timer/Makefile
config.status:1184: creating libraries/hadas/hash/Makefile
config.status:1184: creating libraries/hadas/Makefile
config.status:1184: creating libraries/spadas/dbtree/Makefile
config.status:1184: creating libraries/spadas/flat/Makefile
config.status:1184: creating libraries/spadas/grid/Makefile
config.status:1184: creating libraries/spadas/Makefile
config.status:1184: creating libraries/worldsens/Makefile
config.status:1184: creating libraries/Makefile
config.status:1184: creating models/propagation/Makefile
config.status:1184: creating models/interferences/Makefile
config.status:1184: creating models/modulation/Makefile
config.status:1184: creating models/environment/Makefile
config.status:1184: creating models/monitor/Makefile
config.status:1184: creating models/application/data_d/lbdd/Makefile
config.status:1184: creating models/application/data_d/xy/Makefile
config.status:1184: creating models/application/data_d/ght/Makefile
config.status:1184: creating models/application/data_d/gossip/Makefile
config.status:1184: creating models/application/data_d/Makefile
config.status:1184: creating models/application/Makefile
config.status:1184: creating models/routing/Makefile
config.status:1184: creating models/mac/Makefile
config.status:1184: creating models/radio/Makefile
config.status:1184: creating models/antenna/Makefile
config.status:1184: creating models/mobility/Makefile
config.status:1184: creating models/energy/Makefile
config.status:1184: creating models/noise/Makefile
config.status:1184: creating models/Makefile
config.status:1184: creating src/scheduler/local/Makefile
config.status:1184: creating src/scheduler/distant/Makefile
config.status:1184: creating src/scheduler/Makefile
config.status:1184: creating src/Makefile
config.status:1184: creating utils/topogen/Makefile
config.status:1184: creating utils/replay/Makefile
config.status:1184: creating utils/matlab_functions/maps/Makefile
config.status:1184: creating utils/matlab_functions/Makefile
config.status:1184: creating utils/gnuplot_functions/activenodes/Makefile
config.status:1184: creating utils/gnuplot_functions/Makefile
config.status:1184: creating utils/scripts/Makefile
config.status:1184: creating utils/Makefile
config.status:1184: creating demo/Makefile
config.status:1184: creating doc/module_dev/Makefile
config.status:1184: creating doc/Makefile
config.status:1184: creating Makefile
config.status:1184: creating config.h
config.status:1404: executing depfiles commands
config.status:1404: executing libtool commands

## ---------------- ##
## Cache variables. ##
## ---------------- ##

ac_cv_build=i686-pc-linux-gnu
ac_cv_c_compiler_gnu=yes
ac_cv_env_CC_set=
ac_cv_env_CC_value=
ac_cv_env_CFLAGS_set=
ac_cv_env_CFLAGS_value=
ac_cv_env_CPPFLAGS_set=
ac_cv_env_CPPFLAGS_value=
ac_cv_env_CPP_set=
ac_cv_env_CPP_value=
ac_cv_env_GLIB_FLAGS_set=
ac_cv_env_GLIB_FLAGS_value=
ac_cv_env_GLIB_LIBS_set=
ac_cv_env_GLIB_LIBS_value=
ac_cv_env_GSL_FLAGS_set=
ac_cv_env_GSL_FLAGS_value=
ac_cv_env_GSL_LIBS_set=
ac_cv_env_GSL_LIBS_value=
ac_cv_env_LDFLAGS_set=
ac_cv_env_LDFLAGS_value=
ac_cv_env_LIBS_set=
ac_cv_env_LIBS_value=
ac_cv_env_PKG_CONFIG_DIR_set=
ac_cv_env_PKG_CONFIG_DIR_value=
ac_cv_env_XML_FLAGS_set=
ac_cv_env_XML_FLAGS_value=
ac_cv_env_XML_LIBS_set=
ac_cv_env_XML_LIBS_value=
ac_cv_env_build_alias_set=
ac_cv_env_build_alias_value=
ac_cv_env_host_alias_set=
ac_cv_env_host_alias_value=
ac_cv_env_target_alias_set=
ac_cv_env_target_alias_value=
ac_cv_func_dlopen=no
ac_cv_func_shl_load=no
ac_cv_header_dlfcn_h=yes
ac_cv_header_inttypes_h=yes
ac_cv_header_memory_h=yes
ac_cv_header_stdc=yes
ac_cv_header_stdint_h=yes
ac_cv_header_stdlib_h=yes
ac_cv_header_string_h=yes
ac_cv_header_strings_h=yes
ac_cv_header_sys_stat_h=yes
ac_cv_header_sys_types_h=yes
ac_cv_header_unistd_h=yes
ac_cv_host=i686-pc-linux-gnu
ac_cv_lib_dl_dlopen=yes
ac_cv_lib_dld_shl_load=no
ac_cv_objext=o
ac_cv_path_EGREP='/bin/grep -E'
ac_cv_path_FGREP='/bin/grep -F'
ac_cv_path_GREP=/bin/grep
ac_cv_path_PKG_CONFIG=/usr/bin/pkg-config
ac_cv_path_SED=/bin/sed
ac_cv_path_install='/usr/bin/install -c'
ac_cv_path_mkdir=/bin/mkdir
ac_cv_prog_AWK=gawk
ac_cv_prog_CPP='gcc -E'
ac_cv_prog_ac_ct_AR=ar
ac_cv_prog_ac_ct_CC=gcc
ac_cv_prog_ac_ct_OBJDUMP=objdump
ac_cv_prog_ac_ct_RANLIB=ranlib
ac_cv_prog_ac_ct_STRIP=strip
ac_cv_prog_cc_c89=
ac_cv_prog_cc_g=yes
ac_cv_prog_cc_gcc_c_o=yes
ac_cv_prog_make_make_set=yes
ac_cv_target=i686-pc-linux-gnu
am_cv_CC_dependencies_compiler_type=gcc3
am_cv_GCJ_dependencies_compiler_type=none
lt_cv_deplibs_check_method=pass_all
lt_cv_dlopen=dlopen
lt_cv_dlopen_libs=-ldl
lt_cv_dlopen_self=no
lt_cv_file_magic_cmd='$MAGIC_CMD'
lt_cv_file_magic_test_file=
lt_cv_ld_reload_flag=-r
lt_cv_nm_interface='BSD nm'
lt_cv_objdir=.libs
lt_cv_path_LD=/usr/bin/ld
lt_cv_path_NM='/usr/bin/nm -B'
lt_cv_prog_compiler_c_o=yes
lt_cv_prog_compiler_c_o_GCJ=no
lt_cv_prog_compiler_pic_works=yes
lt_cv_prog_compiler_pic_works_GCJ=no
lt_cv_prog_compiler_rtti_exceptions=no
lt_cv_prog_compiler_static_works=yes
lt_cv_prog_compiler_static_works_GCJ=no
lt_cv_prog_gnu_ld=yes
lt_cv_sys_global_symbol_pipe='sed -n -e '\''s/^.*[	 ]\([ABCDGIRSTW][ABCDGIRSTW]*\)[	 ][	 ]*\([_A-Za-z][_A-Za-z0-9]*\)$/\1 \2 \2/p'\'''
lt_cv_sys_global_symbol_to_c_name_address='sed -n -e '\''s/^: \([^ ]*\) $/  {\"\1\", (void *) 0},/p'\'' -e '\''s/^[ABCDGIRSTW]* \([^ ]*\) \([^ ]*\)$/  {"\2", (void *) \&\2},/p'\'''
lt_cv_sys_global_symbol_to_c_name_address_lib_prefix='sed -n -e '\''s/^: \([^ ]*\) $/  {\"\1\", (void *) 0},/p'\'' -e '\''s/^[ABCDGIRSTW]* \([^ ]*\) \(lib[^ ]*\)$/  {"\2", (void *) \&\2},/p'\'' -e '\''s/^[ABCDGIRSTW]* \([^ ]*\) \([^ ]*\)$/  {"lib\2", (void *) \&\2},/p'\'''
lt_cv_sys_global_symbol_to_cdecl='sed -n -e '\''s/^T .* \(.*\)$/extern int \1();/p'\'' -e '\''s/^[ABCDGIRSTW]* .* \(.*\)$/extern char \1;/p'\'''
lt_cv_sys_max_cmd_len=1572864

## ----------------- ##
## Output variables. ##
## ----------------- ##

ACLOCAL='${SHELL} /private/staff/n/en/buguen/Documents/ens/UE/ESIR/WSN/wsnet/wsnet/missing --run aclocal-1.11'
AMDEPBACKSLASH='\'
AMDEP_FALSE='#'
AMDEP_TRUE=''
AMTAR='${SHELL} /private/staff/n/en/buguen/Documents/ens/UE/ESIR/WSN/wsnet/wsnet/missing --run tar'
AR='ar'
AUTOCONF='${SHELL} /private/staff/n/en/buguen/Documents/ens/UE/ESIR/WSN/wsnet/wsnet/missing --run autoconf'
AUTOHEADER='${SHELL} /private/staff/n/en/buguen/Documents/ens/UE/ESIR/WSN/wsnet/wsnet/missing --run autoheader'
AUTOMAKE='${SHELL} /private/staff/n/en/buguen/Documents/ens/UE/ESIR/WSN/wsnet/wsnet/missing --run automake-1.11'
AWK='gawk'
CC='gcc'
CCDEPMODE='depmode=gcc3'
CFLAGS='-O2 -fno-strict-aliasing -Wall -Wextra -Wno-unused-parameter -Werror -DLIBDIR='\''"${exec_prefix}/lib"'\'' -DDATADIR='\''"${datarootdir}"'\'' '
CPP='gcc -E'
CPPFLAGS=''
CYGPATH_W='echo'
DAS='list'
DEFS='-DHAVE_CONFIG_H'
DEPDIR='.deps'
DSYMUTIL=''
DUMPBIN=''
ECHO_C=''
ECHO_N='-n'
ECHO_T=''
EGREP='/bin/grep -E'
EXEEXT=''
FGREP='/bin/grep -F'
GCJ='gcj'
GCJDEPMODE='depmode=none'
GCJFLAGS='-g -O2'
GLIB_FLAGS='-pthread -I/usr/include/glib-2.0 -I/usr/lib/glib-2.0/include  '
GLIB_LIBS='-Wl,--export-dynamic -pthread -lgmodule-2.0 -lrt -lglib-2.0  '
GREP='/bin/grep'
GSL_FLAGS=' '
GSL_LIBS='-lgsl -lgslcblas -lm  '
HADAS='hash'
INSTALL_DATA='${INSTALL} -m 644'
INSTALL_PROGRAM='${INSTALL}'
INSTALL_SCRIPT='${INSTALL}'
INSTALL_STRIP_PROGRAM='$(install_sh) -c -s'
LD='/usr/bin/ld'
LDFLAGS=''
LIBOBJS=''
LIBS=''
LIBTOOL='$(SHELL) $(top_builddir)/libtool'
LIPO=''
LN_S='ln -s'
LTLIBOBJS=''
MAKEINFO='${SHELL} /private/staff/n/en/buguen/Documents/ens/UE/ESIR/WSN/wsnet/wsnet/missing --run makeinfo'
MEM_FS='prealloc'
MKDIR_P='/bin/mkdir -p'
NM='/usr/bin/nm -B'
NMEDIT=''
OBJDUMP='objdump'
OBJEXT='o'
OTOOL64=''
OTOOL=''
PACKAGE='wsnet-2-0'
PACKAGE_BUGREPORT=''
PACKAGE_NAME='wsnet-2.0'
PACKAGE_STRING='wsnet-2.0 0.7cvs'
PACKAGE_TARNAME='wsnet-2-0'
PACKAGE_URL=''
PACKAGE_VERSION='0.7cvs'
PATH_SEPARATOR=':'
PKG_CONFIG='/usr/bin/pkg-config'
PKG_CONFIG_DIR=''
RANLIB='ranlib'
SCHEDULER='distant'
SED='/bin/sed'
SET_MAKE=''
SHELL='/bin/bash'
SODAS='heap'
SPADAS='grid'
STRIP='strip'
VERSION='0.7cvs'
XML_FLAGS='-I/usr/include/libxml2  '
XML_LIBS='-lxml2  '
ac_ct_CC='gcc'
ac_ct_DUMPBIN=''
ac_ct_GCJ=''
am__EXEEXT_FALSE=''
am__EXEEXT_TRUE='#'
am__fastdepCC_FALSE='#'
am__fastdepCC_TRUE=''
am__fastdepGCJ_FALSE=''
am__fastdepGCJ_TRUE='#'
am__include='include'
am__isrc=''
am__leading_dot='.'
am__quote=''
am__tar='${AMTAR} chof - "$$tardir"'
am__untar='${AMTAR} xf -'
bindir='${exec_prefix}/bin'
build='i686-pc-linux-gnu'
build_alias=''
build_cpu='i686'
build_os='linux-gnu'
build_vendor='pc'
datadir='${datarootdir}'
datarootdir='${prefix}/share'
docdir='${datarootdir}/doc/${PACKAGE_TARNAME}'
dvidir='${docdir}'
exec_prefix='${prefix}'
host='i686-pc-linux-gnu'
host_alias=''
host_cpu='i686'
host_os='linux-gnu'
host_vendor='pc'
htmldir='${docdir}'
includedir='${prefix}/include'
infodir='${datarootdir}/info'
install_sh='${SHELL} /private/staff/n/en/buguen/Documents/ens/UE/ESIR/WSN/wsnet/wsnet/install-sh'
libdir='${exec_prefix}/lib'
libexecdir='${exec_prefix}/libexec'
localedir='${datarootdir}/locale'
localstatedir='${prefix}/var'
lt_ECHO='echo'
mandir='${datarootdir}/man'
mkdir_p='/bin/mkdir -p'
oldincludedir='/usr/include'
pdfdir='${docdir}'
prefix='/usr/local/wsnet-2.0'
program_transform_name='s,x,x,'
psdir='${docdir}'
sbindir='${exec_prefix}/sbin'
sharedstatedir='${prefix}/com'
sysconfdir='${prefix}/etc'
target='i686-pc-linux-gnu'
target_alias=''
target_cpu='i686'
target_os='linux-gnu'
target_vendor='pc'

## ----------- ##
## confdefs.h. ##
## ----------- ##

/* confdefs.h */
#define PACKAGE_NAME "wsnet-2.0"
#define PACKAGE_TARNAME "wsnet-2-0"
#define PACKAGE_VERSION "0.7cvs"
#define PACKAGE_STRING "wsnet-2.0 0.7cvs"
#define PACKAGE_BUGREPORT ""
#define PACKAGE_URL ""
#define PACKAGE "wsnet-2-0"
#define VERSION "0.7cvs"
#define STDC_HEADERS 1
#define HAVE_SYS_TYPES_H 1
#define HAVE_SYS_STAT_H 1
#define HAVE_STDLIB_H 1
#define HAVE_STRING_H 1
#define HAVE_MEMORY_H 1
#define HAVE_STRINGS_H 1
#define HAVE_INTTYPES_H 1
#define HAVE_STDINT_H 1
#define HAVE_UNISTD_H 1
#define HAVE_DLFCN_H 1
#define LT_OBJDIR ".libs/"

configure: exit 0
