11999 0.000000 0 1
12999 0.000000 0 1
13999 0.000000 0 1
14999 0.000000 0 1
15999 0.000000 0 1
16999 0.000000 0 1
17999 0.000000 0 1
18999 0.000000 0 1
19999 0.000000 0 1
20999 0.000000 0 1
21999 0.000000 0 1
22999 0.000000 0 1
23999 0.000000 0 1
24999 0.000000 0 1
25999 0.000000 0 1
26999 0.000000 0 1
27999 0.000000 0 1
28999 0.000000 0 1
29999 0.000000 0 1
30999 0.000000 0 1
31999 0.000000 0 1
32999 0.000000 0 1
33999 0.000000 0 1
34999 0.000000 0 1
35999 0.000000 0 1
36999 0.000000 0 1
37999 0.000000 0 1
38999 0.000000 0 1
39999 0.000000 0 1
40999 0.000000 0 1
41999 0.000000 0 1
42999 0.000000 0 1
43999 0.000000 0 1
44999 0.000000 0 1
45999 0.000000 0 1
46999 0.000000 0 1
47999 0.000000 0 1
48999 0.000000 0 1
49999 0.000000 0 1
