This file contains any messages produced by compilers while
running configure, to aid debugging if configure makes a mistake.

It was created by wsnet configure 0.7cvs, which was
generated by GNU Autoconf 2.68.  Invocation command line was

  $ ./configure 

## --------- ##
## Platform. ##
## --------- ##

hostname = pr033083
uname -m = i686
uname -r = 3.2.0-41-generic-pae
uname -s = Linux
uname -v = #65-Ubuntu SMP Wed Apr 10 18:45:42 UTC 2013

/usr/bin/uname -p = unknown
/bin/uname -X     = unknown

/bin/arch              = unknown
/usr/bin/arch -k       = unknown
/usr/convex/getsysinfo = unknown
/usr/bin/hostinfo      = unknown
/bin/machine           = unknown
/usr/bin/oslevel       = unknown
/bin/universe          = unknown

PATH: /usr/lib/lightdm/lightdm
PATH: /usr/local/sbin
PATH: /usr/local/bin
PATH: /usr/sbin
PATH: /usr/bin
PATH: /sbin
PATH: /bin
PATH: /usr/games
PATH: .
PATH: /private/staff/n/en/buguen/Apps/nbconvert/
PATH: /private/staff/n/en/buguen/Apps/nbconvert/css/
PATH: /private/staff/n/en/buguen/Apps/nbconvert/js/
PATH: /usr/MuPAD/share/bin
PATH: /private/staff/n/en/buguen/.gnome2/nautilus-scripts
PATH: /opt/netscape/
PATH: /usr/lib/scilab-2.6/bin/
PATH: /usr/local/wsnet-2.0/bin/
PATH: /private/staff/n/en/buguen/Perso/bq/
PATH: /private/staff/n/en/buguen/html/GChtml2latex/
PATH: /private/staff/n/en/buguen/.latex/script/
PATH: /usr/local/Geomview/bin/
PATH: ../bin
PATH: /private/staff/n/en/buguen/script
PATH: .vim/vimoutliner/scripts
PATH: /private/staff/n/en/buguen/script/pdfbib
PATH: /private/staff/n/en/buguen/script/pdfbib
PATH: /private/staff/n/en/buguen/script/sphinx
PATH: /private/staff/n/en/buguen/script/sphinx/py2sphinx
PATH: /private/staff/n/en/buguen/script/remind
PATH: /private/staff/n/en/buguen/script/network
PATH: /private/staff/n/en/buguen/script/mail
PATH: /private/staff/n/en/buguen/script/config
PATH: /private/staff/n/en/buguen/script/vim
PATH: /private/staff/n/en/buguen/script/where2
PATH: /private/staff/n/en/buguen/script/mat2py
PATH: /private/staff/n/en/buguen/script/path
PATH: /private/staff/n/en/buguen/script/otl
PATH: /private/staff/n/en/buguen/script/blog
PATH: /private/staff/n/en/buguen/script/markdown
PATH: /private/staff/n/en/buguen/script/slides/nbconvert
PATH: /private/staff/n/en/buguen/script/slides
PATH: /private/staff/n/en/buguen/scilab/script/
PATH: /usr/local/RealPlayer8/
PATH: /opt/Office51/bin/
PATH: /usr/local/spice/bin/
PATH: /private/staff/n/en/buguen/PulsRay/script
PATH: /private/staff/n/en/buguen/script/voix
PATH: /private/staff/n/en/buguen/script/meta/
PATH: /usr/local/share/xerces-c1_6_0-linux/bin
PATH: /private/staff/n/en/buguen/vnc-3.3.6-x86_linux
PATH: /usr/local/spice/bin
PATH: /private/staff/n/en/buguen/ecalanda/circuits/spicecad/bin
PATH: /usr/local/share/openev/bin
PATH: /usr/local/bin/blender-2.43/
PATH: /opt/matlab74/bin/
PATH: /private/staff/n/en/buguen/Documents/rch/devel/pylayersbug/script/
PATH: /private/staff/n/en/buguen/svn2/devel/simulator/pyray/pulsray/bin
PATH: /private/staff/n/en/buguen/svn2/devel/simulator/pyray/pulsray/script
PATH: /private/staff/n/en/buguen/script/synchro
PATH: /usr/local/src/tv//bin
PATH: /private/staff/n/en/buguen/svn2/devel/simulator/pyray/pulsray/src/
PATH: /opt/QtopiaDesktop/bin
PATH: /usr/local/src/shapelib-1.2.10/
PATH: /usr/libexec/sdcc
PATH: /private/staff/n/en/buguen/svn/Bib/script/
PATH: /usr/local/src/sage-3.1.4
PATH: /usr/local/src/sage-3.1.4/local/bin
PATH: /private/staff/n/en/buguen/script/godir
PATH: /usr/local/src/ns-allinone-2.33/bin
PATH: /usr/local/src/ns-allinone-2.33/tcl8.4.18/unix
PATH: /usr/local/src/ns-allinone-2.33/tk8.4.18/unix/
PATH: /usr/local/cuda/bin
PATH: /usr/local/src/eclipse
PATH: /private/staff/n/en/buguen/aplac/bin
PATH: /private/staff/n/en/buguen/.cabal/bin


## ----------- ##
## Core tests. ##
## ----------- ##

configure:2144: checking build system type
configure:2158: result: i686-pc-linux-gnu
configure:2178: checking host system type
configure:2191: result: i686-pc-linux-gnu
configure:2211: checking target system type
configure:2224: result: i686-pc-linux-gnu
configure:2266: checking for a BSD-compatible install
configure:2334: result: /usr/bin/install -c
configure:2345: checking whether build environment is sane
configure:2395: result: yes
configure:2536: checking for a thread-safe mkdir -p
configure:2575: result: /bin/mkdir -p
configure:2588: checking for gawk
configure:2604: found /usr/bin/gawk
configure:2615: result: gawk
configure:2626: checking whether make sets $(MAKE)
configure:2648: result: yes
configure:2804: checking how to print strings
configure:2831: result: printf
configure:2864: checking for style of include used by make
configure:2892: result: GNU
configure:2963: checking for gcc
configure:2979: found /usr/bin/gcc
configure:2990: result: gcc
configure:3219: checking for C compiler version
configure:3228: gcc --version >&5
gcc (Ubuntu/Linaro 4.6.3-1ubuntu5) 4.6.3
Copyright (C) 2011 Free Software Foundation, Inc.
This is free software; see the source for copying conditions.  There is NO
warranty; not even for MERCHANTABILITY or FITNESS FOR A PARTICULAR PURPOSE.

configure:3239: $? = 0
configure:3228: gcc -v >&5
Using built-in specs.
COLLECT_GCC=gcc
COLLECT_LTO_WRAPPER=/usr/lib/gcc/i686-linux-gnu/4.6/lto-wrapper
Target: i686-linux-gnu
Configured with: ../src/configure -v --with-pkgversion='Ubuntu/Linaro 4.6.3-1ubuntu5' --with-bugurl=file:///usr/share/doc/gcc-4.6/README.Bugs --enable-languages=c,c++,fortran,objc,obj-c++ --prefix=/usr --program-suffix=-4.6 --enable-shared --enable-linker-build-id --with-system-zlib --libexecdir=/usr/lib --without-included-gettext --enable-threads=posix --with-gxx-include-dir=/usr/include/c++/4.6 --libdir=/usr/lib --enable-nls --with-sysroot=/ --enable-clocale=gnu --enable-libstdcxx-debug --enable-libstdcxx-time=yes --enable-gnu-unique-object --enable-plugin --enable-objc-gc --enable-targets=all --disable-werror --with-arch-32=i686 --with-tune=generic --enable-checking=release --build=i686-linux-gnu --host=i686-linux-gnu --target=i686-linux-gnu
Thread model: posix
gcc version 4.6.3 (Ubuntu/Linaro 4.6.3-1ubuntu5) 
configure:3239: $? = 0
configure:3228: gcc -V >&5
gcc: error: unrecognized option '-V'
gcc: fatal error: no input files
compilation terminated.
configure:3239: $? = 4
configure:3228: gcc -qversion >&5
gcc: error: unrecognized option '-qversion'
gcc: fatal error: no input files
compilation terminated.
configure:3239: $? = 4
configure:3259: checking whether the C compiler works
configure:3281: gcc -O2 -I/usr/local/wsnet-2.0    conftest.c  >&5
configure:3285: $? = 0
configure:3333: result: yes
configure:3336: checking for C compiler default output file name
configure:3338: result: a.out
configure:3344: checking for suffix of executables
configure:3351: gcc -o conftest -O2 -I/usr/local/wsnet-2.0    conftest.c  >&5
configure:3355: $? = 0
configure:3377: result: 
configure:3399: checking whether we are cross compiling
configure:3407: gcc -o conftest -O2 -I/usr/local/wsnet-2.0    conftest.c  >&5
configure:3411: $? = 0
configure:3418: ./conftest
configure:3422: $? = 0
configure:3437: result: no
configure:3442: checking for suffix of object files
configure:3464: gcc -c -O2 -I/usr/local/wsnet-2.0   conftest.c >&5
configure:3468: $? = 0
configure:3489: result: o
configure:3493: checking whether we are using the GNU C compiler
configure:3512: gcc -c -O2 -I/usr/local/wsnet-2.0   conftest.c >&5
configure:3512: $? = 0
configure:3521: result: yes
configure:3530: checking whether gcc accepts -g
configure:3550: gcc -c -g  conftest.c >&5
configure:3550: $? = 0
configure:3591: result: yes
configure:3608: checking for gcc option to accept ISO C89
configure:3672: gcc  -c -O2 -I/usr/local/wsnet-2.0   conftest.c >&5
configure:3672: $? = 0
configure:3685: result: none needed
configure:3707: checking dependency style of gcc
configure:3818: result: gcc3
configure:3833: checking for a sed that does not truncate output
configure:3897: result: /bin/sed
configure:3915: checking for grep that handles long lines and -e
configure:3973: result: /bin/grep
configure:3978: checking for egrep
configure:4040: result: /bin/grep -E
configure:4045: checking for fgrep
configure:4107: result: /bin/grep -F
configure:4142: checking for ld used by gcc
configure:4209: result: /usr/bin/ld
configure:4216: checking if the linker (/usr/bin/ld) is GNU ld
configure:4231: result: yes
configure:4243: checking for BSD- or MS-compatible name lister (nm)
configure:4292: result: /usr/bin/nm -B
configure:4422: checking the name lister (/usr/bin/nm -B) interface
configure:4429: gcc -c -O2 -I/usr/local/wsnet-2.0   conftest.c >&5
configure:4432: /usr/bin/nm -B "conftest.o"
configure:4435: output
00000000 B some_variable
configure:4442: result: BSD nm
configure:4445: checking whether ln -s works
configure:4449: result: yes
configure:4457: checking the maximum length of command line arguments
configure:4587: result: 1572864
configure:4604: checking whether the shell understands some XSI constructs
configure:4614: result: yes
configure:4618: checking whether the shell understands "+="
configure:4624: result: yes
configure:4659: checking how to convert i686-pc-linux-gnu file names to i686-pc-linux-gnu format
configure:4699: result: func_convert_file_noop
configure:4706: checking how to convert i686-pc-linux-gnu file names to toolchain format
configure:4726: result: func_convert_file_noop
configure:4733: checking for /usr/bin/ld option to reload object files
configure:4740: result: -r
configure:4814: checking for objdump
configure:4830: found /usr/bin/objdump
configure:4841: result: objdump
configure:4873: checking how to recognize dependent libraries
configure:5075: result: pass_all
configure:5160: checking for dlltool
configure:5190: result: no
configure:5220: checking how to associate runtime and link libraries
configure:5247: result: printf %s\n
configure:5308: checking for ar
configure:5324: found /usr/bin/ar
configure:5335: result: ar
configure:5372: checking for archiver @FILE support
configure:5389: gcc -c -O2 -I/usr/local/wsnet-2.0   conftest.c >&5
configure:5389: $? = 0
configure:5392: ar cru libconftest.a @conftest.lst >&5
configure:5395: $? = 0
configure:5400: ar cru libconftest.a @conftest.lst >&5
ar: conftest.o: No such file or directory
configure:5403: $? = 1
configure:5415: result: @
configure:5473: checking for strip
configure:5489: found /usr/bin/strip
configure:5500: result: strip
configure:5572: checking for ranlib
configure:5588: found /usr/bin/ranlib
configure:5599: result: ranlib
configure:5701: checking command to parse /usr/bin/nm -B output from gcc object
configure:5821: gcc -c -O2 -I/usr/local/wsnet-2.0   conftest.c >&5
configure:5824: $? = 0
configure:5828: /usr/bin/nm -B conftest.o \| sed -n -e 's/^.*[ ]\([ABCDGIRSTW][ABCDGIRSTW]*\)[ ][ ]*\([_A-Za-z][_A-Za-z0-9]*\)$/\1 \2 \2/p' | sed '/ __gnu_lto/d' \> conftest.nm
configure:5831: $? = 0
configure:5897: gcc -o conftest -O2 -I/usr/local/wsnet-2.0    conftest.c conftstm.o >&5
configure:5900: $? = 0
configure:5938: result: ok
configure:5975: checking for sysroot
configure:6005: result: no
configure:6261: checking for mt
configure:6277: found /bin/mt
configure:6288: result: mt
configure:6311: checking if mt is a manifest tool
configure:6317: mt '-?'
configure:6325: result: no
configure:6967: checking how to run the C preprocessor
configure:6998: gcc -E  conftest.c
configure:6998: $? = 0
configure:7012: gcc -E  conftest.c
conftest.c:11:28: fatal error: ac_nonexistent.h: No such file or directory
compilation terminated.
configure:7012: $? = 1
configure: failed program was:
| /* confdefs.h */
| #define PACKAGE_NAME "wsnet"
| #define PACKAGE_TARNAME "wsnet"
| #define PACKAGE_VERSION "0.7cvs"
| #define PACKAGE_STRING "wsnet 0.7cvs"
| #define PACKAGE_BUGREPORT ""
| #define PACKAGE_URL ""
| #define PACKAGE "wsnet"
| #define VERSION "0.7cvs"
| /* end confdefs.h.  */
| #include <ac_nonexistent.h>
configure:7037: result: gcc -E
configure:7057: gcc -E  conftest.c
configure:7057: $? = 0
configure:7071: gcc -E  conftest.c
conftest.c:11:28: fatal error: ac_nonexistent.h: No such file or directory
compilation terminated.
configure:7071: $? = 1
configure: failed program was:
| /* confdefs.h */
| #define PACKAGE_NAME "wsnet"
| #define PACKAGE_TARNAME "wsnet"
| #define PACKAGE_VERSION "0.7cvs"
| #define PACKAGE_STRING "wsnet 0.7cvs"
| #define PACKAGE_BUGREPORT ""
| #define PACKAGE_URL ""
| #define PACKAGE "wsnet"
| #define VERSION "0.7cvs"
| /* end confdefs.h.  */
| #include <ac_nonexistent.h>
configure:7100: checking for ANSI C header files
configure:7120: gcc -c -O2 -I/usr/local/wsnet-2.0   conftest.c >&5
configure:7120: $? = 0
configure:7193: gcc -o conftest -O2 -I/usr/local/wsnet-2.0    conftest.c  >&5
configure:7193: $? = 0
configure:7193: ./conftest
configure:7193: $? = 0
configure:7204: result: yes
configure:7217: checking for sys/types.h
configure:7217: gcc -c -O2 -I/usr/local/wsnet-2.0   conftest.c >&5
configure:7217: $? = 0
configure:7217: result: yes
configure:7217: checking for sys/stat.h
configure:7217: gcc -c -O2 -I/usr/local/wsnet-2.0   conftest.c >&5
configure:7217: $? = 0
configure:7217: result: yes
configure:7217: checking for stdlib.h
configure:7217: gcc -c -O2 -I/usr/local/wsnet-2.0   conftest.c >&5
configure:7217: $? = 0
configure:7217: result: yes
configure:7217: checking for string.h
configure:7217: gcc -c -O2 -I/usr/local/wsnet-2.0   conftest.c >&5
configure:7217: $? = 0
configure:7217: result: yes
configure:7217: checking for memory.h
configure:7217: gcc -c -O2 -I/usr/local/wsnet-2.0   conftest.c >&5
configure:7217: $? = 0
configure:7217: result: yes
configure:7217: checking for strings.h
configure:7217: gcc -c -O2 -I/usr/local/wsnet-2.0   conftest.c >&5
configure:7217: $? = 0
configure:7217: result: yes
configure:7217: checking for inttypes.h
configure:7217: gcc -c -O2 -I/usr/local/wsnet-2.0   conftest.c >&5
configure:7217: $? = 0
configure:7217: result: yes
configure:7217: checking for stdint.h
configure:7217: gcc -c -O2 -I/usr/local/wsnet-2.0   conftest.c >&5
configure:7217: $? = 0
configure:7217: result: yes
configure:7217: checking for unistd.h
configure:7217: gcc -c -O2 -I/usr/local/wsnet-2.0   conftest.c >&5
configure:7217: $? = 0
configure:7217: result: yes
configure:7231: checking for dlfcn.h
configure:7231: gcc -c -O2 -I/usr/local/wsnet-2.0   conftest.c >&5
configure:7231: $? = 0
configure:7231: result: yes
configure:7435: checking for objdir
configure:7450: result: .libs
configure:7717: checking if gcc supports -fno-rtti -fno-exceptions
configure:7735: gcc -c -O2 -I/usr/local/wsnet-2.0   -fno-rtti -fno-exceptions conftest.c >&5
cc1: warning: command line option '-fno-rtti' is valid for C++/ObjC++ but not for C [enabled by default]
configure:7739: $? = 0
configure:7752: result: no
configure:8079: checking for gcc option to produce PIC
configure:8086: result: -fPIC -DPIC
configure:8094: checking if gcc PIC flag -fPIC -DPIC works
configure:8112: gcc -c -O2 -I/usr/local/wsnet-2.0   -fPIC -DPIC -DPIC conftest.c >&5
configure:8116: $? = 0
configure:8129: result: yes
configure:8158: checking if gcc static flag -static works
configure:8186: result: yes
configure:8201: checking if gcc supports -c -o file.o
configure:8222: gcc -c -O2 -I/usr/local/wsnet-2.0   -o out/conftest2.o conftest.c >&5
configure:8226: $? = 0
configure:8248: result: yes
configure:8256: checking if gcc supports -c -o file.o
configure:8303: result: yes
configure:8336: checking whether the gcc linker (/usr/bin/ld) supports shared libraries
configure:9493: result: yes
configure:9530: checking whether -lc should be explicitly linked in
configure:9538: gcc -c -O2 -I/usr/local/wsnet-2.0   conftest.c >&5
configure:9541: $? = 0
configure:9556: gcc -shared  -fPIC -DPIC conftest.o  -v -Wl,-soname -Wl,conftest -o conftest 2\>\&1 \| /bin/grep  -lc  \>/dev/null 2\>\&1
configure:9559: $? = 0
configure:9573: result: no
configure:9733: checking dynamic linker characteristics
configure:10244: gcc -o conftest -O2 -I/usr/local/wsnet-2.0    -Wl,-rpath -Wl,/foo conftest.c  >&5
configure:10244: $? = 0
configure:10478: result: GNU/Linux ld.so
configure:10585: checking how to hardcode library paths into programs
configure:10610: result: immediate
configure:10704: checking for shl_load
configure:10704: gcc -o conftest -O2 -I/usr/local/wsnet-2.0    conftest.c  >&5
/tmp/ccl1w4DA.o: In function `main':
conftest.c:(.text.startup+0x7): undefined reference to `shl_load'
collect2: ld returned 1 exit status
configure:10704: $? = 1
configure: failed program was:
| /* confdefs.h */
| #define PACKAGE_NAME "wsnet"
| #define PACKAGE_TARNAME "wsnet"
| #define PACKAGE_VERSION "0.7cvs"
| #define PACKAGE_STRING "wsnet 0.7cvs"
| #define PACKAGE_BUGREPORT ""
| #define PACKAGE_URL ""
| #define PACKAGE "wsnet"
| #define VERSION "0.7cvs"
| #define STDC_HEADERS 1
| #define HAVE_SYS_TYPES_H 1
| #define HAVE_SYS_STAT_H 1
| #define HAVE_STDLIB_H 1
| #define HAVE_STRING_H 1
| #define HAVE_MEMORY_H 1
| #define HAVE_STRINGS_H 1
| #define HAVE_INTTYPES_H 1
| #define HAVE_STDINT_H 1
| #define HAVE_UNISTD_H 1
| #define HAVE_DLFCN_H 1
| #define LT_OBJDIR ".libs/"
| /* end confdefs.h.  */
| /* Define shl_load to an innocuous variant, in case <limits.h> declares shl_load.
|    For example, HP-UX 11i <limits.h> declares gettimeofday.  */
| #define shl_load innocuous_shl_load
| 
| /* System header to define __stub macros and hopefully few prototypes,
|     which can conflict with char shl_load (); below.
|     Prefer <limits.h> to <assert.h> if __STDC__ is defined, since
|     <limits.h> exists even on freestanding compilers.  */
| 
| #ifdef __STDC__
| # include <limits.h>
| #else
| # include <assert.h>
| #endif
| 
| #undef shl_load
| 
| /* Override any GCC internal prototype to avoid an error.
|    Use char because int might match the return type of a GCC
|    builtin and then its argument prototype would still apply.  */
| #ifdef __cplusplus
| extern "C"
| #endif
| char shl_load ();
| /* The GNU C library defines this for functions which it implements
|     to always fail with ENOSYS.  Some functions are actually named
|     something starting with __ and the normal name is an alias.  */
| #if defined __stub_shl_load || defined __stub___shl_load
| choke me
| #endif
| 
| int
| main ()
| {
| return shl_load ();
|   ;
|   return 0;
| }
configure:10704: result: no
configure:10708: checking for shl_load in -ldld
configure:10733: gcc -o conftest -O2 -I/usr/local/wsnet-2.0    conftest.c -ldld   >&5
/usr/bin/ld: cannot find -ldld
collect2: ld returned 1 exit status
configure:10733: $? = 1
configure: failed program was:
| /* confdefs.h */
| #define PACKAGE_NAME "wsnet"
| #define PACKAGE_TARNAME "wsnet"
| #define PACKAGE_VERSION "0.7cvs"
| #define PACKAGE_STRING "wsnet 0.7cvs"
| #define PACKAGE_BUGREPORT ""
| #define PACKAGE_URL ""
| #define PACKAGE "wsnet"
| #define VERSION "0.7cvs"
| #define STDC_HEADERS 1
| #define HAVE_SYS_TYPES_H 1
| #define HAVE_SYS_STAT_H 1
| #define HAVE_STDLIB_H 1
| #define HAVE_STRING_H 1
| #define HAVE_MEMORY_H 1
| #define HAVE_STRINGS_H 1
| #define HAVE_INTTYPES_H 1
| #define HAVE_STDINT_H 1
| #define HAVE_UNISTD_H 1
| #define HAVE_DLFCN_H 1
| #define LT_OBJDIR ".libs/"
| /* end confdefs.h.  */
| 
| /* Override any GCC internal prototype to avoid an error.
|    Use char because int might match the return type of a GCC
|    builtin and then its argument prototype would still apply.  */
| #ifdef __cplusplus
| extern "C"
| #endif
| char shl_load ();
| int
| main ()
| {
| return shl_load ();
|   ;
|   return 0;
| }
configure:10742: result: no
configure:10747: checking for dlopen
configure:10747: gcc -o conftest -O2 -I/usr/local/wsnet-2.0    conftest.c  >&5
/tmp/ccxVORGM.o: In function `main':
conftest.c:(.text.startup+0x7): undefined reference to `dlopen'
collect2: ld returned 1 exit status
configure:10747: $? = 1
configure: failed program was:
| /* confdefs.h */
| #define PACKAGE_NAME "wsnet"
| #define PACKAGE_TARNAME "wsnet"
| #define PACKAGE_VERSION "0.7cvs"
| #define PACKAGE_STRING "wsnet 0.7cvs"
| #define PACKAGE_BUGREPORT ""
| #define PACKAGE_URL ""
| #define PACKAGE "wsnet"
| #define VERSION "0.7cvs"
| #define STDC_HEADERS 1
| #define HAVE_SYS_TYPES_H 1
| #define HAVE_SYS_STAT_H 1
| #define HAVE_STDLIB_H 1
| #define HAVE_STRING_H 1
| #define HAVE_MEMORY_H 1
| #define HAVE_STRINGS_H 1
| #define HAVE_INTTYPES_H 1
| #define HAVE_STDINT_H 1
| #define HAVE_UNISTD_H 1
| #define HAVE_DLFCN_H 1
| #define LT_OBJDIR ".libs/"
| /* end confdefs.h.  */
| /* Define dlopen to an innocuous variant, in case <limits.h> declares dlopen.
|    For example, HP-UX 11i <limits.h> declares gettimeofday.  */
| #define dlopen innocuous_dlopen
| 
| /* System header to define __stub macros and hopefully few prototypes,
|     which can conflict with char dlopen (); below.
|     Prefer <limits.h> to <assert.h> if __STDC__ is defined, since
|     <limits.h> exists even on freestanding compilers.  */
| 
| #ifdef __STDC__
| # include <limits.h>
| #else
| # include <assert.h>
| #endif
| 
| #undef dlopen
| 
| /* Override any GCC internal prototype to avoid an error.
|    Use char because int might match the return type of a GCC
|    builtin and then its argument prototype would still apply.  */
| #ifdef __cplusplus
| extern "C"
| #endif
| char dlopen ();
| /* The GNU C library defines this for functions which it implements
|     to always fail with ENOSYS.  Some functions are actually named
|     something starting with __ and the normal name is an alias.  */
| #if defined __stub_dlopen || defined __stub___dlopen
| choke me
| #endif
| 
| int
| main ()
| {
| return dlopen ();
|   ;
|   return 0;
| }
configure:10747: result: no
configure:10751: checking for dlopen in -ldl
configure:10776: gcc -o conftest -O2 -I/usr/local/wsnet-2.0    conftest.c -ldl   >&5
configure:10776: $? = 0
configure:10785: result: yes
configure:10904: checking whether a program can dlopen itself
configure:10984: gcc -o conftest -O2 -I/usr/local/wsnet-2.0   -DHAVE_DLFCN_H  -Wl,--export-dynamic conftest.c -ldl  >&5
configure:10987: $? = 0
configure:11005: result: yes
configure:11010: checking whether a statically linked program can dlopen itself
configure:11090: gcc -o conftest -O2 -I/usr/local/wsnet-2.0   -DHAVE_DLFCN_H  -Wl,--export-dynamic -static conftest.c -ldl  >&5
/tmp/cctZtx31.o: In function `main':
conftest.c:(.text.startup+0x1a): warning: Using 'dlopen' in statically linked applications requires at runtime the shared libraries from the glibc version used for linking
/usr/bin/ld: dynamic STT_GNU_IFUNC symbol `strcmp' with pointer equality in `/usr/lib/gcc/i686-linux-gnu/4.6/../../../i386-linux-gnu/libc.a(strcmp.o)' can not be used when making an executable; recompile with -fPIE and relink with -pie
collect2: ld returned 1 exit status
configure:11093: $? = 1
configure:11111: result: no
configure:11150: checking whether stripping libraries is possible
configure:11155: result: yes
configure:11190: checking if libtool supports shared libraries
configure:11192: result: yes
configure:11195: checking whether to build shared libraries
configure:11216: result: yes
configure:11219: checking whether to build static libraries
configure:11223: result: yes
configure:11308: checking for gcc
configure:11335: result: gcc
configure:11564: checking for C compiler version
configure:11573: gcc --version >&5
gcc (Ubuntu/Linaro 4.6.3-1ubuntu5) 4.6.3
Copyright (C) 2011 Free Software Foundation, Inc.
This is free software; see the source for copying conditions.  There is NO
warranty; not even for MERCHANTABILITY or FITNESS FOR A PARTICULAR PURPOSE.

configure:11584: $? = 0
configure:11573: gcc -v >&5
Using built-in specs.
COLLECT_GCC=gcc
COLLECT_LTO_WRAPPER=/usr/lib/gcc/i686-linux-gnu/4.6/lto-wrapper
Target: i686-linux-gnu
Configured with: ../src/configure -v --with-pkgversion='Ubuntu/Linaro 4.6.3-1ubuntu5' --with-bugurl=file:///usr/share/doc/gcc-4.6/README.Bugs --enable-languages=c,c++,fortran,objc,obj-c++ --prefix=/usr --program-suffix=-4.6 --enable-shared --enable-linker-build-id --with-system-zlib --libexecdir=/usr/lib --without-included-gettext --enable-threads=posix --with-gxx-include-dir=/usr/include/c++/4.6 --libdir=/usr/lib --enable-nls --with-sysroot=/ --enable-clocale=gnu --enable-libstdcxx-debug --enable-libstdcxx-time=yes --enable-gnu-unique-object --enable-plugin --enable-objc-gc --enable-targets=all --disable-werror --with-arch-32=i686 --with-tune=generic --enable-checking=release --build=i686-linux-gnu --host=i686-linux-gnu --target=i686-linux-gnu
Thread model: posix
gcc version 4.6.3 (Ubuntu/Linaro 4.6.3-1ubuntu5) 
configure:11584: $? = 0
configure:11573: gcc -V >&5
gcc: error: unrecognized option '-V'
gcc: fatal error: no input files
compilation terminated.
configure:11584: $? = 4
configure:11573: gcc -qversion >&5
gcc: error: unrecognized option '-qversion'
gcc: fatal error: no input files
compilation terminated.
configure:11584: $? = 4
configure:11588: checking whether we are using the GNU C compiler
configure:11616: result: yes
configure:11625: checking whether gcc accepts -g
configure:11686: result: yes
configure:11703: checking for gcc option to accept ISO C89
configure:11780: result: none needed
configure:11802: checking dependency style of gcc
configure:11913: result: gcc3
configure:11929: checking whether gcc and cc understand -c and -o together
configure:11960: gcc -c conftest.c -o conftest2.o >&5
configure:11964: $? = 0
configure:11970: gcc -c conftest.c -o conftest2.o >&5
configure:11974: $? = 0
configure:11985: cc -c conftest.c >&5
configure:11989: $? = 0
configure:11997: cc -c conftest.c -o conftest2.o >&5
configure:12001: $? = 0
configure:12007: cc -c conftest.c -o conftest2.o >&5
configure:12011: $? = 0
configure:12029: result: yes
configure:12067: checking for pkg-config
configure:12086: found /usr/bin/pkg-config
configure:12098: result: /usr/bin/pkg-config
configure:12258: creating ./config.status

## ---------------------- ##
## Running config.status. ##
## ---------------------- ##

This file was extended by wsnet config.status 0.7cvs, which was
generated by GNU Autoconf 2.68.  Invocation command line was

  CONFIG_FILES    = 
  CONFIG_HEADERS  = 
  CONFIG_LINKS    = 
  CONFIG_COMMANDS = 
  $ ./config.status 

on pr033083

config.status:1097: creating Makefile
config.status:1097: creating config.h
config.status:1278: config.h is unchanged
config.status:1326: executing depfiles commands
config.status:1326: executing libtool commands

## ---------------- ##
## Cache variables. ##
## ---------------- ##

ac_cv_build=i686-pc-linux-gnu
ac_cv_c_compiler_gnu=yes
ac_cv_env_CC_set=
ac_cv_env_CC_value=
ac_cv_env_CFLAGS_set=
ac_cv_env_CFLAGS_value=
ac_cv_env_CPPFLAGS_set=
ac_cv_env_CPPFLAGS_value=
ac_cv_env_CPP_set=
ac_cv_env_CPP_value=
ac_cv_env_GLIB_FLAGS_set=
ac_cv_env_GLIB_FLAGS_value=
ac_cv_env_GLIB_LIBS_set=
ac_cv_env_GLIB_LIBS_value=
ac_cv_env_LDFLAGS_set=
ac_cv_env_LDFLAGS_value=
ac_cv_env_LIBS_set=
ac_cv_env_LIBS_value=
ac_cv_env_PKG_CONFIG_DIR_set=
ac_cv_env_PKG_CONFIG_DIR_value=
ac_cv_env_WSNET_DIR_set=
ac_cv_env_WSNET_DIR_value=
ac_cv_env_build_alias_set=
ac_cv_env_build_alias_value=
ac_cv_env_host_alias_set=
ac_cv_env_host_alias_value=
ac_cv_env_target_alias_set=
ac_cv_env_target_alias_value=
ac_cv_func_dlopen=no
ac_cv_func_shl_load=no
ac_cv_header_dlfcn_h=yes
ac_cv_header_inttypes_h=yes
ac_cv_header_memory_h=yes
ac_cv_header_stdc=yes
ac_cv_header_stdint_h=yes
ac_cv_header_stdlib_h=yes
ac_cv_header_string_h=yes
ac_cv_header_strings_h=yes
ac_cv_header_sys_stat_h=yes
ac_cv_header_sys_types_h=yes
ac_cv_header_unistd_h=yes
ac_cv_host=i686-pc-linux-gnu
ac_cv_lib_dl_dlopen=yes
ac_cv_lib_dld_shl_load=no
ac_cv_objext=o
ac_cv_path_EGREP='/bin/grep -E'
ac_cv_path_FGREP='/bin/grep -F'
ac_cv_path_GREP=/bin/grep
ac_cv_path_PKG_CONFIG=/usr/bin/pkg-config
ac_cv_path_SED=/bin/sed
ac_cv_path_install='/usr/bin/install -c'
ac_cv_path_mkdir=/bin/mkdir
ac_cv_prog_AWK=gawk
ac_cv_prog_CPP='gcc -E'
ac_cv_prog_ac_ct_AR=ar
ac_cv_prog_ac_ct_CC=gcc
ac_cv_prog_ac_ct_MANIFEST_TOOL=mt
ac_cv_prog_ac_ct_OBJDUMP=objdump
ac_cv_prog_ac_ct_RANLIB=ranlib
ac_cv_prog_ac_ct_STRIP=strip
ac_cv_prog_cc_c89=
ac_cv_prog_cc_g=yes
ac_cv_prog_cc_gcc_c_o=yes
ac_cv_prog_make_make_set=yes
ac_cv_target=i686-pc-linux-gnu
am_cv_CC_dependencies_compiler_type=gcc3
lt_cv_ar_at_file=@
lt_cv_archive_cmds_need_lc=no
lt_cv_deplibs_check_method=pass_all
lt_cv_dlopen=dlopen
lt_cv_dlopen_libs=-ldl
lt_cv_dlopen_self=yes
lt_cv_dlopen_self_static=no
lt_cv_file_magic_cmd='$MAGIC_CMD'
lt_cv_file_magic_test_file=
lt_cv_ld_reload_flag=-r
lt_cv_nm_interface='BSD nm'
lt_cv_objdir=.libs
lt_cv_path_LD=/usr/bin/ld
lt_cv_path_NM='/usr/bin/nm -B'
lt_cv_path_mainfest_tool=no
lt_cv_prog_compiler_c_o=yes
lt_cv_prog_compiler_pic='-fPIC -DPIC'
lt_cv_prog_compiler_pic_works=yes
lt_cv_prog_compiler_rtti_exceptions=no
lt_cv_prog_compiler_static_works=yes
lt_cv_prog_gnu_ld=yes
lt_cv_sharedlib_from_linklib_cmd='printf %s\n'
lt_cv_shlibpath_overrides_runpath=no
lt_cv_sys_global_symbol_pipe='sed -n -e '\''s/^.*[	 ]\([ABCDGIRSTW][ABCDGIRSTW]*\)[	 ][	 ]*\([_A-Za-z][_A-Za-z0-9]*\)$/\1 \2 \2/p'\'' | sed '\''/ __gnu_lto/d'\'''
lt_cv_sys_global_symbol_to_c_name_address='sed -n -e '\''s/^: \([^ ]*\)[ ]*$/  {\"\1\", (void *) 0},/p'\'' -e '\''s/^[ABCDGIRSTW]* \([^ ]*\) \([^ ]*\)$/  {"\2", (void *) \&\2},/p'\'''
lt_cv_sys_global_symbol_to_c_name_address_lib_prefix='sed -n -e '\''s/^: \([^ ]*\)[ ]*$/  {\"\1\", (void *) 0},/p'\'' -e '\''s/^[ABCDGIRSTW]* \([^ ]*\) \(lib[^ ]*\)$/  {"\2", (void *) \&\2},/p'\'' -e '\''s/^[ABCDGIRSTW]* \([^ ]*\) \([^ ]*\)$/  {"lib\2", (void *) \&\2},/p'\'''
lt_cv_sys_global_symbol_to_cdecl='sed -n -e '\''s/^T .* \(.*\)$/extern int \1();/p'\'' -e '\''s/^[ABCDGIRSTW]* .* \(.*\)$/extern char \1;/p'\'''
lt_cv_sys_max_cmd_len=1572864
lt_cv_to_host_file_cmd=func_convert_file_noop
lt_cv_to_tool_file_cmd=func_convert_file_noop

## ----------------- ##
## Output variables. ##
## ----------------- ##

ACLOCAL='${SHELL} /private/staff/n/en/buguen/Documents/rch/devel/pylayersbug/wsnet/wsnet/missing --run aclocal-1.11'
AMDEPBACKSLASH='\'
AMDEP_FALSE='#'
AMDEP_TRUE=''
AMTAR='$${TAR-tar}'
AR='ar'
AUTOCONF='${SHELL} /private/staff/n/en/buguen/Documents/rch/devel/pylayersbug/wsnet/wsnet/missing --run autoconf'
AUTOHEADER='${SHELL} /private/staff/n/en/buguen/Documents/rch/devel/pylayersbug/wsnet/wsnet/missing --run autoheader'
AUTOMAKE='${SHELL} /private/staff/n/en/buguen/Documents/rch/devel/pylayersbug/wsnet/wsnet/missing --run automake-1.11'
AWK='gawk'
CC='gcc'
CCDEPMODE='depmode=gcc3'
CFLAGS='-O2 -I/usr/local/wsnet-2.0 '
CPP='gcc -E'
CPPFLAGS=''
CYGPATH_W='echo'
DEFS='-DHAVE_CONFIG_H'
DEPDIR='.deps'
DLLTOOL='false'
DSYMUTIL=''
DUMPBIN=''
ECHO_C=''
ECHO_N='-n'
ECHO_T=''
EGREP='/bin/grep -E'
EXEEXT=''
FGREP='/bin/grep -F'
GLIB_FLAGS='-pthread -I/usr/include/glib-2.0 -I/usr/lib/i386-linux-gnu/glib-2.0/include  '
GLIB_LIBS='-Wl,--export-dynamic -pthread -lgmodule-2.0 -lrt -lglib-2.0  '
GREP='/bin/grep'
INSTALL_DATA='${INSTALL} -m 644'
INSTALL_PROGRAM='${INSTALL}'
INSTALL_SCRIPT='${INSTALL}'
INSTALL_STRIP_PROGRAM='$(install_sh) -c -s'
LD='/usr/bin/ld'
LDFLAGS=''
LIBOBJS=''
LIBS=''
LIBTOOL='$(SHELL) $(top_builddir)/libtool'
LIPO=''
LN_S='ln -s'
LTLIBOBJS=''
MAKEINFO='${SHELL} /private/staff/n/en/buguen/Documents/rch/devel/pylayersbug/wsnet/wsnet/missing --run makeinfo'
MANIFEST_TOOL=':'
MKDIR_P='/bin/mkdir -p'
NM='/usr/bin/nm -B'
NMEDIT=''
OBJDUMP='objdump'
OBJEXT='o'
OTOOL64=''
OTOOL=''
PACKAGE='wsnet'
PACKAGE_BUGREPORT=''
PACKAGE_NAME='wsnet'
PACKAGE_STRING='wsnet 0.7cvs'
PACKAGE_TARNAME='wsnet'
PACKAGE_URL=''
PACKAGE_VERSION='0.7cvs'
PATH_SEPARATOR=':'
PKG_CONFIG='/usr/bin/pkg-config'
PKG_CONFIG_DIR=''
RANLIB='ranlib'
SED='/bin/sed'
SET_MAKE=''
SHELL='/bin/bash'
STRIP='strip'
VERSION='0.7cvs'
WSNET_DIR='/usr/local/wsnet-2.0'
ac_ct_AR='ar'
ac_ct_CC='gcc'
ac_ct_DUMPBIN=''
am__EXEEXT_FALSE=''
am__EXEEXT_TRUE='#'
am__fastdepCC_FALSE='#'
am__fastdepCC_TRUE=''
am__include='include'
am__isrc=''
am__leading_dot='.'
am__nodep='_no'
am__quote=''
am__tar='$${TAR-tar} chof - "$$tardir"'
am__untar='$${TAR-tar} xf -'
bindir='${exec_prefix}/bin'
build='i686-pc-linux-gnu'
build_alias=''
build_cpu='i686'
build_os='linux-gnu'
build_vendor='pc'
datadir='${datarootdir}'
datarootdir='${prefix}/share'
docdir='${datarootdir}/doc/${PACKAGE_TARNAME}'
dvidir='${docdir}'
exec_prefix='${prefix}'
host='i686-pc-linux-gnu'
host_alias=''
host_cpu='i686'
host_os='linux-gnu'
host_vendor='pc'
htmldir='${docdir}'
includedir='${prefix}/include'
infodir='${datarootdir}/info'
install_sh='${SHELL} /private/staff/n/en/buguen/Documents/rch/devel/pylayersbug/wsnet/wsnet/install-sh'
libdir='${exec_prefix}/lib'
libexecdir='${exec_prefix}/libexec'
localedir='${datarootdir}/locale'
localstatedir='${prefix}/var'
mandir='${datarootdir}/man'
mkdir_p='/bin/mkdir -p'
oldincludedir='/usr/include'
pdfdir='${docdir}'
prefix='/usr/local/wsnet-2.0'
program_transform_name='s,x,x,'
psdir='${docdir}'
sbindir='${exec_prefix}/sbin'
sharedstatedir='${prefix}/com'
sysconfdir='${prefix}/etc'
target='i686-pc-linux-gnu'
target_alias=''
target_cpu='i686'
target_os='linux-gnu'
target_vendor='pc'

## ----------- ##
## confdefs.h. ##
## ----------- ##

/* confdefs.h */
#define PACKAGE_NAME "wsnet"
#define PACKAGE_TARNAME "wsnet"
#define PACKAGE_VERSION "0.7cvs"
#define PACKAGE_STRING "wsnet 0.7cvs"
#define PACKAGE_BUGREPORT ""
#define PACKAGE_URL ""
#define PACKAGE "wsnet"
#define VERSION "0.7cvs"
#define STDC_HEADERS 1
#define HAVE_SYS_TYPES_H 1
#define HAVE_SYS_STAT_H 1
#define HAVE_STDLIB_H 1
#define HAVE_STRING_H 1
#define HAVE_MEMORY_H 1
#define HAVE_STRINGS_H 1
#define HAVE_INTTYPES_H 1
#define HAVE_STDINT_H 1
#define HAVE_UNISTD_H 1
#define HAVE_DLFCN_H 1
#define LT_OBJDIR ".libs/"

configure: exit 0
